2024-11-11 12:35:26,294 INFO  Logger.cs: 70 - 
--------------------------------------------------------------------------------
2024-11-11 12:35:26,322 INFO  Logger.cs: 71 - Logging commencing for SW2URDF exporter
2024-11-11 12:35:26,322 INFO  Logger.cs: 73 - Commit version 1.6.0-4-g7f85cfe
2024-11-11 12:35:26,323 INFO  Logger.cs: 74 - Build version 1.6.7995.38578
2024-11-11 12:35:26,324 INFO  SwAddin.cs: 192 - Attempting to connect to SW
2024-11-11 12:35:26,324 INFO  SwAddin.cs: 197 - Setting up callbacks
2024-11-11 12:35:26,324 INFO  SwAddin.cs: 201 - Setting up command manager
2024-11-11 12:35:26,325 INFO  SwAddin.cs: 204 - Adding command manager
2024-11-11 12:35:26,327 INFO  SwAddin.cs: 263 - Adding Assembly export to file menu
2024-11-11 12:35:26,327 INFO  SwAddin.cs: 272 - Adding Part export to file menu
2024-11-11 12:35:26,327 INFO  SwAddin.cs: 210 - Adding event handlers
2024-11-11 12:35:26,329 INFO  SwAddin.cs: 217 - Connecting plugin to SolidWorks
2024-11-11 12:35:50,832 INFO  SwAddin.cs: 294 - Assembly export called for file adaptor.SLDASM
2024-11-11 12:35:52,728 INFO  SwAddin.cs: 313 - Saving assembly
2024-11-11 12:35:53,531 INFO  SwAddin.cs: 316 - Opening property manager
2024-11-11 12:35:53,542 INFO  ExportHelperExtension.cs: 1125 - Retrieving features of type [CoordSys] from adaptor.SLDASM
2024-11-11 12:35:53,548 INFO  ExportHelperExtension.cs: 1136 - Found 58 in adaptor.SLDASM
2024-11-11 12:35:53,548 INFO  ExportHelperExtension.cs: 1145 - Found 2 features of type [CoordSys] in adaptor.SLDASM
2024-11-11 12:35:53,549 INFO  ExportHelperExtension.cs: 1148 - Proceeding through assembly components
2024-11-11 12:35:53,549 INFO  ExportHelperExtension.cs: 1160 - 8 components to check
2024-11-11 12:35:53,550 INFO  ExportHelperExtension.cs: 1125 - Retrieving features of type [CoordSys] from Adaptor_Interface_Plate_1-1
2024-11-11 12:35:53,550 INFO  ExportHelperExtension.cs: 1136 - Found 40 in Adaptor_Interface_Plate_1-1
2024-11-11 12:35:53,550 INFO  ExportHelperExtension.cs: 1145 - Found 0 features of type [CoordSys] in Adaptor_Interface_Plate_1-1
2024-11-11 12:35:53,550 INFO  ExportHelperExtension.cs: 1125 - Retrieving features of type [CoordSys] from Adaptor_Interface_Plate_3-2
2024-11-11 12:35:53,551 INFO  ExportHelperExtension.cs: 1136 - Found 69 in Adaptor_Interface_Plate_3-2
2024-11-11 12:35:53,551 INFO  ExportHelperExtension.cs: 1145 - Found 0 features of type [CoordSys] in Adaptor_Interface_Plate_3-2
2024-11-11 12:35:53,551 INFO  ExportHelperExtension.cs: 1125 - Retrieving features of type [CoordSys] from Adaptor_Clamp_3-1
2024-11-11 12:35:53,551 INFO  ExportHelperExtension.cs: 1136 - Found 66 in Adaptor_Clamp_3-1
2024-11-11 12:35:53,552 INFO  ExportHelperExtension.cs: 1145 - Found 0 features of type [CoordSys] in Adaptor_Clamp_3-1
2024-11-11 12:35:53,552 INFO  ExportHelperExtension.cs: 1125 - Retrieving features of type [CoordSys] from FT_sensor-1
2024-11-11 12:35:53,552 INFO  ExportHelperExtension.cs: 1136 - Found 49 in FT_sensor-1
2024-11-11 12:35:53,552 INFO  ExportHelperExtension.cs: 1145 - Found 0 features of type [CoordSys] in FT_sensor-1
2024-11-11 12:35:53,552 INFO  ExportHelperExtension.cs: 1125 - Retrieving features of type [CoordSys] from Adaptor_Clamp_4-1
2024-11-11 12:35:53,553 INFO  ExportHelperExtension.cs: 1136 - Found 56 in Adaptor_Clamp_4-1
2024-11-11 12:35:53,553 INFO  ExportHelperExtension.cs: 1145 - Found 0 features of type [CoordSys] in Adaptor_Clamp_4-1
2024-11-11 12:35:53,553 INFO  ExportHelperExtension.cs: 1125 - Retrieving features of type [CoordSys] from Adaptor_Clamp_1-1
2024-11-11 12:35:53,553 INFO  ExportHelperExtension.cs: 1136 - Found 53 in Adaptor_Clamp_1-1
2024-11-11 12:35:53,554 INFO  ExportHelperExtension.cs: 1145 - Found 0 features of type [CoordSys] in Adaptor_Clamp_1-1
2024-11-11 12:35:53,554 INFO  ExportHelperExtension.cs: 1125 - Retrieving features of type [CoordSys] from Adaptor_Clamp_2-1
2024-11-11 12:35:53,554 INFO  ExportHelperExtension.cs: 1136 - Found 43 in Adaptor_Clamp_2-1
2024-11-11 12:35:53,554 INFO  ExportHelperExtension.cs: 1145 - Found 0 features of type [CoordSys] in Adaptor_Clamp_2-1
2024-11-11 12:35:53,555 INFO  ExportHelperExtension.cs: 1125 - Retrieving features of type [CoordSys] from Adaptor_Interface_Plate_2-1
2024-11-11 12:35:53,555 INFO  ExportHelperExtension.cs: 1136 - Found 44 in Adaptor_Interface_Plate_2-1
2024-11-11 12:35:53,555 INFO  ExportHelperExtension.cs: 1145 - Found 0 features of type [CoordSys] in Adaptor_Interface_Plate_2-1
2024-11-11 12:35:53,555 INFO  ExportHelperExtension.cs: 1125 - Retrieving features of type [RefAxis] from adaptor.SLDASM
2024-11-11 12:35:53,555 INFO  ExportHelperExtension.cs: 1136 - Found 58 in adaptor.SLDASM
2024-11-11 12:35:53,556 INFO  ExportHelperExtension.cs: 1145 - Found 1 features of type [RefAxis] in adaptor.SLDASM
2024-11-11 12:35:53,556 INFO  ExportHelperExtension.cs: 1148 - Proceeding through assembly components
2024-11-11 12:35:53,556 INFO  ExportHelperExtension.cs: 1160 - 8 components to check
2024-11-11 12:35:53,556 INFO  ExportHelperExtension.cs: 1125 - Retrieving features of type [RefAxis] from Adaptor_Interface_Plate_1-1
2024-11-11 12:35:53,556 INFO  ExportHelperExtension.cs: 1136 - Found 40 in Adaptor_Interface_Plate_1-1
2024-11-11 12:35:53,557 INFO  ExportHelperExtension.cs: 1145 - Found 0 features of type [RefAxis] in Adaptor_Interface_Plate_1-1
2024-11-11 12:35:53,557 INFO  ExportHelperExtension.cs: 1125 - Retrieving features of type [RefAxis] from Adaptor_Interface_Plate_3-2
2024-11-11 12:35:53,557 INFO  ExportHelperExtension.cs: 1136 - Found 69 in Adaptor_Interface_Plate_3-2
2024-11-11 12:35:53,557 INFO  ExportHelperExtension.cs: 1145 - Found 0 features of type [RefAxis] in Adaptor_Interface_Plate_3-2
2024-11-11 12:35:53,558 INFO  ExportHelperExtension.cs: 1125 - Retrieving features of type [RefAxis] from Adaptor_Clamp_3-1
2024-11-11 12:35:53,558 INFO  ExportHelperExtension.cs: 1136 - Found 66 in Adaptor_Clamp_3-1
2024-11-11 12:35:53,558 INFO  ExportHelperExtension.cs: 1145 - Found 0 features of type [RefAxis] in Adaptor_Clamp_3-1
2024-11-11 12:35:53,558 INFO  ExportHelperExtension.cs: 1125 - Retrieving features of type [RefAxis] from FT_sensor-1
2024-11-11 12:35:53,558 INFO  ExportHelperExtension.cs: 1136 - Found 49 in FT_sensor-1
2024-11-11 12:35:53,559 INFO  ExportHelperExtension.cs: 1145 - Found 0 features of type [RefAxis] in FT_sensor-1
2024-11-11 12:35:53,559 INFO  ExportHelperExtension.cs: 1125 - Retrieving features of type [RefAxis] from Adaptor_Clamp_4-1
2024-11-11 12:35:53,559 INFO  ExportHelperExtension.cs: 1136 - Found 56 in Adaptor_Clamp_4-1
2024-11-11 12:35:53,559 INFO  ExportHelperExtension.cs: 1145 - Found 0 features of type [RefAxis] in Adaptor_Clamp_4-1
2024-11-11 12:35:53,560 INFO  ExportHelperExtension.cs: 1125 - Retrieving features of type [RefAxis] from Adaptor_Clamp_1-1
2024-11-11 12:35:53,560 INFO  ExportHelperExtension.cs: 1136 - Found 53 in Adaptor_Clamp_1-1
2024-11-11 12:35:53,560 INFO  ExportHelperExtension.cs: 1145 - Found 1 features of type [RefAxis] in Adaptor_Clamp_1-1
2024-11-11 12:35:53,560 INFO  ExportHelperExtension.cs: 1125 - Retrieving features of type [RefAxis] from Adaptor_Clamp_2-1
2024-11-11 12:35:53,560 INFO  ExportHelperExtension.cs: 1136 - Found 43 in Adaptor_Clamp_2-1
2024-11-11 12:35:53,562 INFO  ExportHelperExtension.cs: 1145 - Found 1 features of type [RefAxis] in Adaptor_Clamp_2-1
2024-11-11 12:35:53,563 INFO  ExportHelperExtension.cs: 1125 - Retrieving features of type [RefAxis] from Adaptor_Interface_Plate_2-1
2024-11-11 12:35:53,592 INFO  ExportHelperExtension.cs: 1136 - Found 44 in Adaptor_Interface_Plate_2-1
2024-11-11 12:35:53,592 INFO  ExportHelperExtension.cs: 1145 - Found 0 features of type [RefAxis] in Adaptor_Interface_Plate_2-1
2024-11-11 12:35:53,875 INFO  SwAddin.cs: 339 - Loading config tree
2024-11-11 12:35:53,877 INFO  ExportPropertyManagerExtension.cs: 520 - Starting new configuration
2024-11-11 12:35:53,880 INFO  SwAddin.cs: 344 - Showing property manager
2024-11-11 12:36:01,567 INFO  ExportPropertyManager.cs: 1018 - OnComboboxSelectionChanged called. This method no longer throws an Exception. It just silently does nothing. Ok, except for this logging message
2024-11-11 12:36:03,010 INFO  ExportPropertyManager.cs: 1136 - OnNumberBoxTrackingCompleted called. This method no longer throws an Exception. It just silently does nothing. Ok, except for this logging message
2024-11-11 12:59:34,221 INFO  ExportPropertyManager.cs: 1018 - OnComboboxSelectionChanged called. This method no longer throws an Exception. It just silently does nothing. Ok, except for this logging message
2024-11-11 12:59:36,254 INFO  ExportPropertyManager.cs: 1018 - OnComboboxSelectionChanged called. This method no longer throws an Exception. It just silently does nothing. Ok, except for this logging message
2024-11-11 13:00:07,058 INFO  ExportPropertyManager.cs: 422 - Configuration saved
2024-11-11 13:00:07,249 INFO  ExportHelperExtension.cs: 347 - Creating joint sensor_link
2024-11-11 13:00:07,252 INFO  ExportHelperExtension.cs: 1397 - Fixing components for adaptor_base_link
2024-11-11 13:00:07,253 INFO  ExportHelperExtension.cs: 1402 - Fixing 20
2024-11-11 13:00:07,253 INFO  ExportHelperExtension.cs: 1402 - Fixing 909
2024-11-11 13:00:07,253 INFO  ExportHelperExtension.cs: 1402 - Fixing 17
2024-11-11 13:00:07,253 INFO  ExportHelperExtension.cs: 1402 - Fixing 24
2024-11-11 13:00:07,520 INFO  ExportHelperExtension.cs: 832 - R1: 0, 0
2024-11-11 13:00:07,520 INFO  ExportHelperExtension.cs: 841 - R2: 0, 0
2024-11-11 13:00:07,521 INFO  ExportHelperExtension.cs: 849 - L1: 0
2024-11-11 13:00:07,521 INFO  ExportHelperExtension.cs: 857 - L2: 0
2024-11-11 13:00:07,611 INFO  ExportHelperExtension.cs: 1352 - Unfixing component 20
2024-11-11 13:00:07,611 INFO  ExportHelperExtension.cs: 1352 - Unfixing component 909
2024-11-11 13:00:07,612 INFO  ExportHelperExtension.cs: 1352 - Unfixing component 17
2024-11-11 13:00:07,612 INFO  ExportHelperExtension.cs: 1352 - Unfixing component 24
2024-11-11 13:00:07,795 WARN  ExportHelperExtension.cs: 351 - Creating joint from parent adaptor_base_link to child sensor_link failed
2024-11-11 13:00:08,012 INFO  ExportHelperExtension.cs: 1125 - Retrieving features of type [CoordSys] from adaptor.SLDASM
2024-11-11 13:00:08,021 INFO  ExportHelperExtension.cs: 1136 - Found 59 in adaptor.SLDASM
2024-11-11 13:00:08,022 INFO  ExportHelperExtension.cs: 1145 - Found 2 features of type [CoordSys] in adaptor.SLDASM
2024-11-11 13:00:08,022 INFO  ExportHelperExtension.cs: 1148 - Proceeding through assembly components
2024-11-11 13:00:08,022 INFO  ExportHelperExtension.cs: 1160 - 8 components to check
2024-11-11 13:00:08,023 INFO  ExportHelperExtension.cs: 1125 - Retrieving features of type [CoordSys] from Adaptor_Interface_Plate_1-1
2024-11-11 13:00:08,023 INFO  ExportHelperExtension.cs: 1136 - Found 40 in Adaptor_Interface_Plate_1-1
2024-11-11 13:00:08,023 INFO  ExportHelperExtension.cs: 1145 - Found 0 features of type [CoordSys] in Adaptor_Interface_Plate_1-1
2024-11-11 13:00:08,023 INFO  ExportHelperExtension.cs: 1125 - Retrieving features of type [CoordSys] from Adaptor_Interface_Plate_3-2
2024-11-11 13:00:08,024 INFO  ExportHelperExtension.cs: 1136 - Found 69 in Adaptor_Interface_Plate_3-2
2024-11-11 13:00:08,024 INFO  ExportHelperExtension.cs: 1145 - Found 0 features of type [CoordSys] in Adaptor_Interface_Plate_3-2
2024-11-11 13:00:08,024 INFO  ExportHelperExtension.cs: 1125 - Retrieving features of type [CoordSys] from Adaptor_Clamp_3-1
2024-11-11 13:00:08,024 INFO  ExportHelperExtension.cs: 1136 - Found 66 in Adaptor_Clamp_3-1
2024-11-11 13:00:08,025 INFO  ExportHelperExtension.cs: 1145 - Found 0 features of type [CoordSys] in Adaptor_Clamp_3-1
2024-11-11 13:00:08,025 INFO  ExportHelperExtension.cs: 1125 - Retrieving features of type [CoordSys] from FT_sensor-1
2024-11-11 13:00:08,025 INFO  ExportHelperExtension.cs: 1136 - Found 49 in FT_sensor-1
2024-11-11 13:00:08,025 INFO  ExportHelperExtension.cs: 1145 - Found 0 features of type [CoordSys] in FT_sensor-1
2024-11-11 13:00:08,026 INFO  ExportHelperExtension.cs: 1125 - Retrieving features of type [CoordSys] from Adaptor_Clamp_4-1
2024-11-11 13:00:08,026 INFO  ExportHelperExtension.cs: 1136 - Found 56 in Adaptor_Clamp_4-1
2024-11-11 13:00:08,026 INFO  ExportHelperExtension.cs: 1145 - Found 0 features of type [CoordSys] in Adaptor_Clamp_4-1
2024-11-11 13:00:08,026 INFO  ExportHelperExtension.cs: 1125 - Retrieving features of type [CoordSys] from Adaptor_Clamp_1-1
2024-11-11 13:00:08,027 INFO  ExportHelperExtension.cs: 1136 - Found 53 in Adaptor_Clamp_1-1
2024-11-11 13:00:08,027 INFO  ExportHelperExtension.cs: 1145 - Found 0 features of type [CoordSys] in Adaptor_Clamp_1-1
2024-11-11 13:00:08,027 INFO  ExportHelperExtension.cs: 1125 - Retrieving features of type [CoordSys] from Adaptor_Clamp_2-1
2024-11-11 13:00:08,027 INFO  ExportHelperExtension.cs: 1136 - Found 43 in Adaptor_Clamp_2-1
2024-11-11 13:00:08,027 INFO  ExportHelperExtension.cs: 1145 - Found 0 features of type [CoordSys] in Adaptor_Clamp_2-1
2024-11-11 13:00:08,028 INFO  ExportHelperExtension.cs: 1125 - Retrieving features of type [CoordSys] from Adaptor_Interface_Plate_2-1
2024-11-11 13:00:08,028 INFO  ExportHelperExtension.cs: 1136 - Found 44 in Adaptor_Interface_Plate_2-1
2024-11-11 13:00:08,028 INFO  ExportHelperExtension.cs: 1145 - Found 0 features of type [CoordSys] in Adaptor_Interface_Plate_2-1
2024-11-11 13:00:08,028 INFO  ExportHelperExtension.cs: 1125 - Retrieving features of type [RefAxis] from adaptor.SLDASM
2024-11-11 13:00:08,028 INFO  ExportHelperExtension.cs: 1136 - Found 59 in adaptor.SLDASM
2024-11-11 13:00:08,029 INFO  ExportHelperExtension.cs: 1145 - Found 1 features of type [RefAxis] in adaptor.SLDASM
2024-11-11 13:00:08,029 INFO  ExportHelperExtension.cs: 1148 - Proceeding through assembly components
2024-11-11 13:00:08,029 INFO  ExportHelperExtension.cs: 1160 - 8 components to check
2024-11-11 13:00:08,029 INFO  ExportHelperExtension.cs: 1125 - Retrieving features of type [RefAxis] from Adaptor_Interface_Plate_1-1
2024-11-11 13:00:08,029 INFO  ExportHelperExtension.cs: 1136 - Found 40 in Adaptor_Interface_Plate_1-1
2024-11-11 13:00:08,030 INFO  ExportHelperExtension.cs: 1145 - Found 0 features of type [RefAxis] in Adaptor_Interface_Plate_1-1
2024-11-11 13:00:08,030 INFO  ExportHelperExtension.cs: 1125 - Retrieving features of type [RefAxis] from Adaptor_Interface_Plate_3-2
2024-11-11 13:00:08,030 INFO  ExportHelperExtension.cs: 1136 - Found 69 in Adaptor_Interface_Plate_3-2
2024-11-11 13:00:08,030 INFO  ExportHelperExtension.cs: 1145 - Found 0 features of type [RefAxis] in Adaptor_Interface_Plate_3-2
2024-11-11 13:00:08,030 INFO  ExportHelperExtension.cs: 1125 - Retrieving features of type [RefAxis] from Adaptor_Clamp_3-1
2024-11-11 13:00:08,031 INFO  ExportHelperExtension.cs: 1136 - Found 66 in Adaptor_Clamp_3-1
2024-11-11 13:00:08,031 INFO  ExportHelperExtension.cs: 1145 - Found 0 features of type [RefAxis] in Adaptor_Clamp_3-1
2024-11-11 13:00:08,031 INFO  ExportHelperExtension.cs: 1125 - Retrieving features of type [RefAxis] from FT_sensor-1
2024-11-11 13:00:08,031 INFO  ExportHelperExtension.cs: 1136 - Found 49 in FT_sensor-1
2024-11-11 13:00:08,032 INFO  ExportHelperExtension.cs: 1145 - Found 0 features of type [RefAxis] in FT_sensor-1
2024-11-11 13:00:08,032 INFO  ExportHelperExtension.cs: 1125 - Retrieving features of type [RefAxis] from Adaptor_Clamp_4-1
2024-11-11 13:00:08,032 INFO  ExportHelperExtension.cs: 1136 - Found 56 in Adaptor_Clamp_4-1
2024-11-11 13:00:08,032 INFO  ExportHelperExtension.cs: 1145 - Found 0 features of type [RefAxis] in Adaptor_Clamp_4-1
2024-11-11 13:00:08,032 INFO  ExportHelperExtension.cs: 1125 - Retrieving features of type [RefAxis] from Adaptor_Clamp_1-1
2024-11-11 13:00:08,033 INFO  ExportHelperExtension.cs: 1136 - Found 53 in Adaptor_Clamp_1-1
2024-11-11 13:00:08,033 INFO  ExportHelperExtension.cs: 1145 - Found 1 features of type [RefAxis] in Adaptor_Clamp_1-1
2024-11-11 13:00:08,033 INFO  ExportHelperExtension.cs: 1125 - Retrieving features of type [RefAxis] from Adaptor_Clamp_2-1
2024-11-11 13:00:08,033 INFO  ExportHelperExtension.cs: 1136 - Found 43 in Adaptor_Clamp_2-1
2024-11-11 13:00:08,033 INFO  ExportHelperExtension.cs: 1145 - Found 1 features of type [RefAxis] in Adaptor_Clamp_2-1
2024-11-11 13:00:08,034 INFO  ExportHelperExtension.cs: 1125 - Retrieving features of type [RefAxis] from Adaptor_Interface_Plate_2-1
2024-11-11 13:00:08,034 INFO  ExportHelperExtension.cs: 1136 - Found 44 in Adaptor_Interface_Plate_2-1
2024-11-11 13:00:08,034 INFO  ExportHelperExtension.cs: 1145 - Found 0 features of type [RefAxis] in Adaptor_Interface_Plate_2-1
2024-11-11 13:00:08,060 INFO  ExportPropertyManager.cs: 1142 - AfterClose called. This method no longer throws an Exception. It just silently does nothing. Ok, except for this logging message
2024-11-11 13:02:00,295 INFO  AssemblyExportForm.cs: 253 - Completing URDF export
2024-11-11 13:02:00,303 INFO  ConfigurationSerialization.cs: 276 - URDF Configuration found
<Link z:Id="i1" xmlns="http://schemas.datacontract.org/2004/07/SW2URDF" xmlns:i="http://www.w3.org/2001/XMLSchema-instance" xmlns:z="http://schemas.microsoft.com/2003/10/Serialization/"><Attributes><Attribute z:Id="i2"><AttributeType>name</AttributeType><IsRequired>true</IsRequired><Value i:type="a:string" xmlns:a="http://www.w3.org/2001/XMLSchema">adaptor_base_link</Value></Attribute></Attributes><ChildElements><URDFElement z:Id="i3" i:type="Inertial"><Attributes/><ChildElements><URDFElement z:Id="i4" i:type="Origin"><Attributes><Attribute z:Id="i5"><AttributeType>xyz</AttributeType><IsRequired>true</IsRequired><Value i:type="a:ArrayOfdouble" xmlns:a="http://schemas.microsoft.com/2003/10/Serialization/Arrays"><a:double>0</a:double><a:double>0</a:double><a:double>0</a:double></Value></Attribute><Attribute z:Id="i6"><AttributeType>rpy</AttributeType><IsRequired>true</IsRequired><Value i:type="a:ArrayOfdouble" xmlns:a="http://schemas.microsoft.com/2003/10/Serialization/Arrays"><a:double>0</a:double><a:double>0</a:double><a:double>0</a:double></Value></Attribute></Attributes><ChildElements/><ElementName>origin</ElementName><required>false</required><RPYAttribute z:Ref="i6"/><XYZAttribute z:Ref="i5"/><isCustomized>false</isCustomized></URDFElement><URDFElement z:Id="i7" i:type="Mass"><Attributes><Attribute z:Id="i8"><AttributeType>value</AttributeType><IsRequired>true</IsRequired><Value i:type="a:double" xmlns:a="http://www.w3.org/2001/XMLSchema">0</Value></Attribute></Attributes><ChildElements/><ElementName>mass</ElementName><required>false</required><ValueAttribute z:Ref="i8"/></URDFElement><URDFElement z:Id="i9" i:type="Inertia"><Attributes><Attribute z:Id="i10"><AttributeType>ixx</AttributeType><IsRequired>true</IsRequired><Value i:type="a:double" xmlns:a="http://www.w3.org/2001/XMLSchema">0</Value></Attribute><Attribute z:Id="i11"><AttributeType>ixy</AttributeType><IsRequired>true</IsRequired><Value i:type="a:double" xmlns:a="http://www.w3.org/2001/XMLSchema">0</Value></Attribute><Attribute z:Id="i12"><AttributeType>ixz</AttributeType><IsRequired>true</IsRequired><Value i:type="a:double" xmlns:a="http://www.w3.org/2001/XMLSchema">0</Value></Attribute><Attribute z:Id="i13"><AttributeType>iyy</AttributeType><IsRequired>true</IsRequired><Value i:type="a:double" xmlns:a="http://www.w3.org/2001/XMLSchema">0</Value></Attribute><Attribute z:Id="i14"><AttributeType>iyz</AttributeType><IsRequired>true</IsRequired><Value i:type="a:double" xmlns:a="http://www.w3.org/2001/XMLSchema">0</Value></Attribute><Attribute z:Id="i15"><AttributeType>izz</AttributeType><IsRequired>true</IsRequired><Value i:type="a:double" xmlns:a="http://www.w3.org/2001/XMLSchema">0</Value></Attribute></Attributes><ChildElements/><ElementName>inertia</ElementName><required>false</required><IxxAttribute z:Ref="i10"/><IxyAttribute z:Ref="i11"/><IxzAttribute z:Ref="i12"/><IyyAttribute z:Ref="i13"/><IyzAttribute z:Ref="i14"/><IzzAttribute z:Ref="i15"/></URDFElement></ChildElements><ElementName>inertial</ElementName><required>false</required><Inertia z:Ref="i9"/><Mass z:Ref="i7"/><Origin z:Ref="i4"/></URDFElement><URDFElement z:Id="i16" i:type="Visual"><Attributes/><ChildElements><URDFElement z:Id="i17" i:type="Origin"><Attributes><Attribute z:Id="i18"><AttributeType>xyz</AttributeType><IsRequired>true</IsRequired><Value i:type="a:ArrayOfdouble" xmlns:a="http://schemas.microsoft.com/2003/10/Serialization/Arrays"><a:double>0</a:double><a:double>0</a:double><a:double>0</a:double></Value></Attribute><Attribute z:Id="i19"><AttributeType>rpy</AttributeType><IsRequired>true</IsRequired><Value i:type="a:ArrayOfdouble" xmlns:a="http://schemas.microsoft.com/2003/10/Serialization/Arrays"><a:double>0</a:double><a:double>0</a:double><a:double>0</a:double></Value></Attribute></Attributes><ChildElements/><ElementName>origin</ElementName><required>false</required><RPYAttribute z:Ref="i19"/><XYZAttribute z:Ref="i18"/><isCustomized>false</isCustomized></URDFElement><URDFElement z:Id="i20" i:type="Geometry"><Attributes/><ChildElements><URDFElement z:Id="i21" i:type="Mesh"><Attributes><Attribute z:Id="i22"><AttributeType>filename</AttributeType><IsRequired>true</IsRequired><Value i:nil="true"/></Attribute></Attributes><ChildElements/><ElementName>mesh</ElementName><required>false</required><FilenameAttribute z:Ref="i22"/></URDFElement></ChildElements><ElementName>geometry</ElementName><required>true</required><Mesh z:Ref="i21"/></URDFElement><URDFElement z:Id="i23" i:type="Material"><Attributes><Attribute z:Id="i24"><AttributeType>name</AttributeType><IsRequired>true</IsRequired><Value i:type="a:string" xmlns:a="http://www.w3.org/2001/XMLSchema"/></Attribute></Attributes><ChildElements><URDFElement z:Id="i25" i:type="Color"><Attributes><Attribute z:Id="i26"><AttributeType>rgba</AttributeType><IsRequired>true</IsRequired><Value i:type="a:ArrayOfdouble" xmlns:a="http://schemas.microsoft.com/2003/10/Serialization/Arrays"><a:double>1</a:double><a:double>1</a:double><a:double>1</a:double><a:double>1</a:double></Value></Attribute></Attributes><ChildElements/><ElementName>color</ElementName><required>false</required><RGBAAttribute z:Ref="i26"/></URDFElement><URDFElement z:Id="i27" i:type="Texture"><Attributes><Attribute z:Id="i28"><AttributeType>filename</AttributeType><IsRequired>true</IsRequired><Value i:nil="true"/></Attribute></Attributes><ChildElements/><ElementName>texture</ElementName><required>false</required><FilenameAttribute z:Ref="i28"/><wFilename/></URDFElement></ChildElements><ElementName>material</ElementName><required>false</required><Color z:Ref="i25"/><NameAttribute z:Ref="i24"/><Texture z:Ref="i27"/></URDFElement></ChildElements><ElementName>visual</ElementName><required>false</required><Geometry z:Ref="i20"/><Material z:Ref="i23"/><Origin z:Ref="i17"/></URDFElement><URDFElement z:Id="i29" i:type="Collision"><Attributes/><ChildElements><URDFElement z:Id="i30" i:type="Origin"><Attributes><Attribute z:Id="i31"><AttributeType>xyz</AttributeType><IsRequired>true</IsRequired><Value i:type="a:ArrayOfdouble" xmlns:a="http://schemas.microsoft.com/2003/10/Serialization/Arrays"><a:double>0</a:double><a:double>0</a:double><a:double>0</a:double></Value></Attribute><Attribute z:Id="i32"><AttributeType>rpy</AttributeType><IsRequired>true</IsRequired><Value i:type="a:ArrayOfdouble" xmlns:a="http://schemas.microsoft.com/2003/10/Serialization/Arrays"><a:double>0</a:double><a:double>0</a:double><a:double>0</a:double></Value></Attribute></Attributes><ChildElements/><ElementName>origin</ElementName><required>false</required><RPYAttribute z:Ref="i32"/><XYZAttribute z:Ref="i31"/><isCustomized>false</isCustomized></URDFElement><URDFElement z:Id="i33" i:type="Geometry"><Attributes/><ChildElements><URDFElement z:Id="i34" i:type="Mesh"><Attributes><Attribute z:Id="i35"><AttributeType>filename</AttributeType><IsRequired>true</IsRequired><Value i:nil="true"/></Attribute></Attributes><ChildElements/><ElementName>mesh</ElementName><required>false</required><FilenameAttribute z:Ref="i35"/></URDFElement></ChildElements><ElementName>geometry</ElementName><required>true</required><Mesh z:Ref="i34"/></URDFElement></ChildElements><ElementName>collision</ElementName><required>false</required><Geometry z:Ref="i33"/><Origin z:Ref="i30"/></URDFElement><URDFElement z:Id="i36" i:type="Joint"><Attributes><Attribute z:Id="i37"><AttributeType>name</AttributeType><IsRequired>true</IsRequired><Value i:type="a:string" xmlns:a="http://www.w3.org/2001/XMLSchema"/></Attribute><Attribute z:Id="i38"><AttributeType>type</AttributeType><IsRequired>true</IsRequired><Value i:type="a:string" xmlns:a="http://www.w3.org/2001/XMLSchema"/></Attribute></Attributes><ChildElements><URDFElement z:Id="i39" i:type="Origin"><Attributes><Attribute z:Id="i40"><AttributeType>xyz</AttributeType><IsRequired>true</IsRequired><Value i:type="a:ArrayOfdouble" xmlns:a="http://schemas.microsoft.com/2003/10/Serialization/Arrays"><a:double>0</a:double><a:double>0</a:double><a:double>0</a:double></Value></Attribute><Attribute z:Id="i41"><AttributeType>rpy</AttributeType><IsRequired>true</IsRequired><Value i:type="a:ArrayOfdouble" xmlns:a="http://schemas.microsoft.com/2003/10/Serialization/Arrays"><a:double>0</a:double><a:double>0</a:double><a:double>0</a:double></Value></Attribute></Attributes><ChildElements/><ElementName>origin</ElementName><required>false</required><RPYAttribute z:Ref="i41"/><XYZAttribute z:Ref="i40"/><isCustomized>false</isCustomized></URDFElement><URDFElement z:Id="i42" i:type="ParentLink"><Attributes><Attribute z:Id="i43"><AttributeType>link</AttributeType><IsRequired>true</IsRequired><Value i:type="a:string" xmlns:a="http://www.w3.org/2001/XMLSchema"/></Attribute></Attributes><ChildElements/><ElementName>parent</ElementName><required>true</required><NameAttribute z:Ref="i43"/></URDFElement><URDFElement z:Id="i44" i:type="ChildLink"><Attributes><Attribute z:Id="i45"><AttributeType>link</AttributeType><IsRequired>true</IsRequired><Value i:type="a:string" xmlns:a="http://www.w3.org/2001/XMLSchema"/></Attribute></Attributes><ChildElements/><ElementName>child</ElementName><required>true</required><NameAttribute z:Ref="i45"/></URDFElement><URDFElement z:Id="i46" i:type="Axis"><Attributes><Attribute z:Id="i47"><AttributeType>xyz</AttributeType><IsRequired>true</IsRequired><Value i:type="a:ArrayOfdouble" xmlns:a="http://schemas.microsoft.com/2003/10/Serialization/Arrays"><a:double>0</a:double><a:double>0</a:double><a:double>0</a:double></Value></Attribute></Attributes><ChildElements/><ElementName>axis</ElementName><required>false</required><XYZAttribute z:Ref="i47"/></URDFElement><URDFElement z:Id="i48" i:type="Limit"><Attributes><Attribute z:Id="i49"><AttributeType>lower</AttributeType><IsRequired>false</IsRequired><Value i:nil="true"/></Attribute><Attribute z:Id="i50"><AttributeType>upper</AttributeType><IsRequired>false</IsRequired><Value i:nil="true"/></Attribute><Attribute z:Id="i51"><AttributeType>effort</AttributeType><IsRequired>true</IsRequired><Value i:nil="true"/></Attribute><Attribute z:Id="i52"><AttributeType>velocity</AttributeType><IsRequired>true</IsRequired><Value i:nil="true"/></Attribute></Attributes><ChildElements/><ElementName>limit</ElementName><required>false</required><EffortAttribute z:Ref="i51"/><LowerAttribute z:Ref="i49"/><UpperAttribute z:Ref="i50"/><VelocityAttribute z:Ref="i52"/></URDFElement><URDFElement z:Id="i53" i:type="Calibration"><Attributes><Attribute z:Id="i54"><AttributeType>rising</AttributeType><IsRequired>false</IsRequired><Value i:nil="true"/></Attribute><Attribute z:Id="i55"><AttributeType>falling</AttributeType><IsRequired>false</IsRequired><Value i:nil="true"/></Attribute></Attributes><ChildElements/><ElementName>calibration</ElementName><required>false</required><FallingAttribute z:Ref="i55"/><RisingAttribute z:Ref="i54"/></URDFElement><URDFElement z:Id="i56" i:type="Dynamics"><Attributes><Attribute z:Id="i57"><AttributeType>damping</AttributeType><IsRequired>false</IsRequired><Value i:nil="true"/></Attribute><Attribute z:Id="i58"><AttributeType>friction</AttributeType><IsRequired>false</IsRequired><Value i:nil="true"/></Attribute></Attributes><ChildElements/><ElementName>dynamics</ElementName><required>false</required><DampingAttribute z:Ref="i57"/><FrictionAttribute z:Ref="i58"/></URDFElement><URDFElement z:Id="i59" i:type="SafetyController"><Attributes><Attribute z:Id="i60"><AttributeType>soft_upper_limit</AttributeType><IsRequired>false</IsRequired><Value i:nil="true"/></Attribute><Attribute z:Id="i61"><AttributeType>soft_lower_limit</AttributeType><IsRequired>false</IsRequired><Value i:nil="true"/></Attribute><Attribute z:Id="i62"><AttributeType>k_position</AttributeType><IsRequired>false</IsRequired><Value i:nil="true"/></Attribute><Attribute z:Id="i63"><AttributeType>k_velocity</AttributeType><IsRequired>true</IsRequired><Value i:nil="true"/></Attribute></Attributes><ChildElements/><ElementName>safety_controller</ElementName><required>false</required><KPositionAttribute z:Ref="i62"/><KVelocityAttribute z:Ref="i63"/><SoftLowerAttribute z:Ref="i61"/><SoftUpperAttribute z:Ref="i60"/></URDFElement><URDFElement z:Id="i64" i:type="Mimic"><Attributes><Attribute z:Id="i65"><AttributeType>joint</AttributeType><IsRequired>true</IsRequired><Value i:nil="true"/></Attribute><Attribute z:Id="i66"><AttributeType>multiplier</AttributeType><IsRequired>false</IsRequired><Value i:nil="true"/></Attribute><Attribute z:Id="i67"><AttributeType>offset</AttributeType><IsRequired>false</IsRequired><Value i:nil="true"/></Attribute></Attributes><ChildElements/><ElementName>mimic</ElementName><required>false</required><JointNameAttribute z:Ref="i65"/><MultiplierAttribute z:Ref="i66"/><OffsetAttribute z:Ref="i67"/></URDFElement></ChildElements><ElementName>joint</ElementName><required>false</required><Axis z:Ref="i46"/><AxisName/><Calibration z:Ref="i53"/><Child z:Ref="i44"/><CoordinateSystemName>Adaptor Base coordinate system</CoordinateSystemName><Dynamics z:Ref="i56"/><Limit z:Ref="i48"/><Mimic z:Ref="i64"/><NameAttribute z:Ref="i37"/><Origin z:Ref="i39"/><Parent z:Ref="i42"/><Safety z:Ref="i59"/><TypeAttribute z:Ref="i38"/></URDFElement></ChildElements><ElementName>link</ElementName><required>true</required><Children><Link z:Id="i68"><Attributes><Attribute z:Id="i69"><AttributeType>name</AttributeType><IsRequired>true</IsRequired><Value i:type="a:string" xmlns:a="http://www.w3.org/2001/XMLSchema">sensor_link</Value></Attribute></Attributes><ChildElements><URDFElement z:Id="i70" i:type="Inertial"><Attributes/><ChildElements><URDFElement z:Id="i71" i:type="Origin"><Attributes><Attribute z:Id="i72"><AttributeType>xyz</AttributeType><IsRequired>true</IsRequired><Value i:type="a:ArrayOfdouble" xmlns:a="http://schemas.microsoft.com/2003/10/Serialization/Arrays"><a:double>0</a:double><a:double>0</a:double><a:double>0</a:double></Value></Attribute><Attribute z:Id="i73"><AttributeType>rpy</AttributeType><IsRequired>true</IsRequired><Value i:type="a:ArrayOfdouble" xmlns:a="http://schemas.microsoft.com/2003/10/Serialization/Arrays"><a:double>0</a:double><a:double>0</a:double><a:double>0</a:double></Value></Attribute></Attributes><ChildElements/><ElementName>origin</ElementName><required>false</required><RPYAttribute z:Ref="i73"/><XYZAttribute z:Ref="i72"/><isCustomized>false</isCustomized></URDFElement><URDFElement z:Id="i74" i:type="Mass"><Attributes><Attribute z:Id="i75"><AttributeType>value</AttributeType><IsRequired>true</IsRequired><Value i:type="a:double" xmlns:a="http://www.w3.org/2001/XMLSchema">0</Value></Attribute></Attributes><ChildElements/><ElementName>mass</ElementName><required>false</required><ValueAttribute z:Ref="i75"/></URDFElement><URDFElement z:Id="i76" i:type="Inertia"><Attributes><Attribute z:Id="i77"><AttributeType>ixx</AttributeType><IsRequired>true</IsRequired><Value i:type="a:double" xmlns:a="http://www.w3.org/2001/XMLSchema">0</Value></Attribute><Attribute z:Id="i78"><AttributeType>ixy</AttributeType><IsRequired>true</IsRequired><Value i:type="a:double" xmlns:a="http://www.w3.org/2001/XMLSchema">0</Value></Attribute><Attribute z:Id="i79"><AttributeType>ixz</AttributeType><IsRequired>true</IsRequired><Value i:type="a:double" xmlns:a="http://www.w3.org/2001/XMLSchema">0</Value></Attribute><Attribute z:Id="i80"><AttributeType>iyy</AttributeType><IsRequired>true</IsRequired><Value i:type="a:double" xmlns:a="http://www.w3.org/2001/XMLSchema">0</Value></Attribute><Attribute z:Id="i81"><AttributeType>iyz</AttributeType><IsRequired>true</IsRequired><Value i:type="a:double" xmlns:a="http://www.w3.org/2001/XMLSchema">0</Value></Attribute><Attribute z:Id="i82"><AttributeType>izz</AttributeType><IsRequired>true</IsRequired><Value i:type="a:double" xmlns:a="http://www.w3.org/2001/XMLSchema">0</Value></Attribute></Attributes><ChildElements/><ElementName>inertia</ElementName><required>false</required><IxxAttribute z:Ref="i77"/><IxyAttribute z:Ref="i78"/><IxzAttribute z:Ref="i79"/><IyyAttribute z:Ref="i80"/><IyzAttribute z:Ref="i81"/><IzzAttribute z:Ref="i82"/></URDFElement></ChildElements><ElementName>inertial</ElementName><required>false</required><Inertia z:Ref="i76"/><Mass z:Ref="i74"/><Origin z:Ref="i71"/></URDFElement><URDFElement z:Id="i83" i:type="Visual"><Attributes/><ChildElements><URDFElement z:Id="i84" i:type="Origin"><Attributes><Attribute z:Id="i85"><AttributeType>xyz</AttributeType><IsRequired>true</IsRequired><Value i:type="a:ArrayOfdouble" xmlns:a="http://schemas.microsoft.com/2003/10/Serialization/Arrays"><a:double>0</a:double><a:double>0</a:double><a:double>0</a:double></Value></Attribute><Attribute z:Id="i86"><AttributeType>rpy</AttributeType><IsRequired>true</IsRequired><Value i:type="a:ArrayOfdouble" xmlns:a="http://schemas.microsoft.com/2003/10/Serialization/Arrays"><a:double>0</a:double><a:double>0</a:double><a:double>0</a:double></Value></Attribute></Attributes><ChildElements/><ElementName>origin</ElementName><required>false</required><RPYAttribute z:Ref="i86"/><XYZAttribute z:Ref="i85"/><isCustomized>false</isCustomized></URDFElement><URDFElement z:Id="i87" i:type="Geometry"><Attributes/><ChildElements><URDFElement z:Id="i88" i:type="Mesh"><Attributes><Attribute z:Id="i89"><AttributeType>filename</AttributeType><IsRequired>true</IsRequired><Value i:nil="true"/></Attribute></Attributes><ChildElements/><ElementName>mesh</ElementName><required>false</required><FilenameAttribute z:Ref="i89"/></URDFElement></ChildElements><ElementName>geometry</ElementName><required>true</required><Mesh z:Ref="i88"/></URDFElement><URDFElement z:Id="i90" i:type="Material"><Attributes><Attribute z:Id="i91"><AttributeType>name</AttributeType><IsRequired>true</IsRequired><Value i:type="a:string" xmlns:a="http://www.w3.org/2001/XMLSchema"/></Attribute></Attributes><ChildElements><URDFElement z:Id="i92" i:type="Color"><Attributes><Attribute z:Id="i93"><AttributeType>rgba</AttributeType><IsRequired>true</IsRequired><Value i:type="a:ArrayOfdouble" xmlns:a="http://schemas.microsoft.com/2003/10/Serialization/Arrays"><a:double>1</a:double><a:double>1</a:double><a:double>1</a:double><a:double>1</a:double></Value></Attribute></Attributes><ChildElements/><ElementName>color</ElementName><required>false</required><RGBAAttribute z:Ref="i93"/></URDFElement><URDFElement z:Id="i94" i:type="Texture"><Attributes><Attribute z:Id="i95"><AttributeType>filename</AttributeType><IsRequired>true</IsRequired><Value i:nil="true"/></Attribute></Attributes><ChildElements/><ElementName>texture</ElementName><required>false</required><FilenameAttribute z:Ref="i95"/><wFilename/></URDFElement></ChildElements><ElementName>material</ElementName><required>false</required><Color z:Ref="i92"/><NameAttribute z:Ref="i91"/><Texture z:Ref="i94"/></URDFElement></ChildElements><ElementName>visual</ElementName><required>false</required><Geometry z:Ref="i87"/><Material z:Ref="i90"/><Origin z:Ref="i84"/></URDFElement><URDFElement z:Id="i96" i:type="Collision"><Attributes/><ChildElements><URDFElement z:Id="i97" i:type="Origin"><Attributes><Attribute z:Id="i98"><AttributeType>xyz</AttributeType><IsRequired>true</IsRequired><Value i:type="a:ArrayOfdouble" xmlns:a="http://schemas.microsoft.com/2003/10/Serialization/Arrays"><a:double>0</a:double><a:double>0</a:double><a:double>0</a:double></Value></Attribute><Attribute z:Id="i99"><AttributeType>rpy</AttributeType><IsRequired>true</IsRequired><Value i:type="a:ArrayOfdouble" xmlns:a="http://schemas.microsoft.com/2003/10/Serialization/Arrays"><a:double>0</a:double><a:double>0</a:double><a:double>0</a:double></Value></Attribute></Attributes><ChildElements/><ElementName>origin</ElementName><required>false</required><RPYAttribute z:Ref="i99"/><XYZAttribute z:Ref="i98"/><isCustomized>false</isCustomized></URDFElement><URDFElement z:Id="i100" i:type="Geometry"><Attributes/><ChildElements><URDFElement z:Id="i101" i:type="Mesh"><Attributes><Attribute z:Id="i102"><AttributeType>filename</AttributeType><IsRequired>true</IsRequired><Value i:nil="true"/></Attribute></Attributes><ChildElements/><ElementName>mesh</ElementName><required>false</required><FilenameAttribute z:Ref="i102"/></URDFElement></ChildElements><ElementName>geometry</ElementName><required>true</required><Mesh z:Ref="i101"/></URDFElement></ChildElements><ElementName>collision</ElementName><required>false</required><Geometry z:Ref="i100"/><Origin z:Ref="i97"/></URDFElement><URDFElement z:Id="i103" i:type="Joint"><Attributes><Attribute z:Id="i104"><AttributeType>name</AttributeType><IsRequired>true</IsRequired><Value i:type="a:string" xmlns:a="http://www.w3.org/2001/XMLSchema">sensor_joint</Value></Attribute><Attribute z:Id="i105"><AttributeType>type</AttributeType><IsRequired>true</IsRequired><Value i:type="a:string" xmlns:a="http://www.w3.org/2001/XMLSchema">Automatically Detect</Value></Attribute></Attributes><ChildElements><URDFElement z:Id="i106" i:type="Origin"><Attributes><Attribute z:Id="i107"><AttributeType>xyz</AttributeType><IsRequired>true</IsRequired><Value i:type="a:ArrayOfdouble" xmlns:a="http://schemas.microsoft.com/2003/10/Serialization/Arrays"><a:double>0</a:double><a:double>0</a:double><a:double>0</a:double></Value></Attribute><Attribute z:Id="i108"><AttributeType>rpy</AttributeType><IsRequired>true</IsRequired><Value i:type="a:ArrayOfdouble" xmlns:a="http://schemas.microsoft.com/2003/10/Serialization/Arrays"><a:double>0</a:double><a:double>0</a:double><a:double>0</a:double></Value></Attribute></Attributes><ChildElements/><ElementName>origin</ElementName><required>false</required><RPYAttribute z:Ref="i108"/><XYZAttribute z:Ref="i107"/><isCustomized>false</isCustomized></URDFElement><URDFElement z:Id="i109" i:type="ParentLink"><Attributes><Attribute z:Id="i110"><AttributeType>link</AttributeType><IsRequired>true</IsRequired><Value i:type="a:string" xmlns:a="http://www.w3.org/2001/XMLSchema"/></Attribute></Attributes><ChildElements/><ElementName>parent</ElementName><required>true</required><NameAttribute z:Ref="i110"/></URDFElement><URDFElement z:Id="i111" i:type="ChildLink"><Attributes><Attribute z:Id="i112"><AttributeType>link</AttributeType><IsRequired>true</IsRequired><Value i:type="a:string" xmlns:a="http://www.w3.org/2001/XMLSchema"/></Attribute></Attributes><ChildElements/><ElementName>child</ElementName><required>true</required><NameAttribute z:Ref="i112"/></URDFElement><URDFElement z:Id="i113" i:type="Axis"><Attributes><Attribute z:Id="i114"><AttributeType>xyz</AttributeType><IsRequired>true</IsRequired><Value i:type="a:ArrayOfdouble" xmlns:a="http://schemas.microsoft.com/2003/10/Serialization/Arrays"><a:double>0</a:double><a:double>0</a:double><a:double>0</a:double></Value></Attribute></Attributes><ChildElements/><ElementName>axis</ElementName><required>false</required><XYZAttribute z:Ref="i114"/></URDFElement><URDFElement z:Id="i115" i:type="Limit"><Attributes><Attribute z:Id="i116"><AttributeType>lower</AttributeType><IsRequired>false</IsRequired><Value i:nil="true"/></Attribute><Attribute z:Id="i117"><AttributeType>upper</AttributeType><IsRequired>false</IsRequired><Value i:nil="true"/></Attribute><Attribute z:Id="i118"><AttributeType>effort</AttributeType><IsRequired>true</IsRequired><Value i:nil="true"/></Attribute><Attribute z:Id="i119"><AttributeType>velocity</AttributeType><IsRequired>true</IsRequired><Value i:nil="true"/></Attribute></Attributes><ChildElements/><ElementName>limit</ElementName><required>false</required><EffortAttribute z:Ref="i118"/><LowerAttribute z:Ref="i116"/><UpperAttribute z:Ref="i117"/><VelocityAttribute z:Ref="i119"/></URDFElement><URDFElement z:Id="i120" i:type="Calibration"><Attributes><Attribute z:Id="i121"><AttributeType>rising</AttributeType><IsRequired>false</IsRequired><Value i:nil="true"/></Attribute><Attribute z:Id="i122"><AttributeType>falling</AttributeType><IsRequired>false</IsRequired><Value i:nil="true"/></Attribute></Attributes><ChildElements/><ElementName>calibration</ElementName><required>false</required><FallingAttribute z:Ref="i122"/><RisingAttribute z:Ref="i121"/></URDFElement><URDFElement z:Id="i123" i:type="Dynamics"><Attributes><Attribute z:Id="i124"><AttributeType>damping</AttributeType><IsRequired>false</IsRequired><Value i:nil="true"/></Attribute><Attribute z:Id="i125"><AttributeType>friction</AttributeType><IsRequired>false</IsRequired><Value i:nil="true"/></Attribute></Attributes><ChildElements/><ElementName>dynamics</ElementName><required>false</required><DampingAttribute z:Ref="i124"/><FrictionAttribute z:Ref="i125"/></URDFElement><URDFElement z:Id="i126" i:type="SafetyController"><Attributes><Attribute z:Id="i127"><AttributeType>soft_upper_limit</AttributeType><IsRequired>false</IsRequired><Value i:nil="true"/></Attribute><Attribute z:Id="i128"><AttributeType>soft_lower_limit</AttributeType><IsRequired>false</IsRequired><Value i:nil="true"/></Attribute><Attribute z:Id="i129"><AttributeType>k_position</AttributeType><IsRequired>false</IsRequired><Value i:nil="true"/></Attribute><Attribute z:Id="i130"><AttributeType>k_velocity</AttributeType><IsRequired>true</IsRequired><Value i:nil="true"/></Attribute></Attributes><ChildElements/><ElementName>safety_controller</ElementName><required>false</required><KPositionAttribute z:Ref="i129"/><KVelocityAttribute z:Ref="i130"/><SoftLowerAttribute z:Ref="i128"/><SoftUpperAttribute z:Ref="i127"/></URDFElement><URDFElement z:Id="i131" i:type="Mimic"><Attributes><Attribute z:Id="i132"><AttributeType>joint</AttributeType><IsRequired>true</IsRequired><Value i:nil="true"/></Attribute><Attribute z:Id="i133"><AttributeType>multiplier</AttributeType><IsRequired>false</IsRequired><Value i:nil="true"/></Attribute><Attribute z:Id="i134"><AttributeType>offset</AttributeType><IsRequired>false</IsRequired><Value i:nil="true"/></Attribute></Attributes><ChildElements/><ElementName>mimic</ElementName><required>false</required><JointNameAttribute z:Ref="i132"/><MultiplierAttribute z:Ref="i133"/><OffsetAttribute z:Ref="i134"/></URDFElement></ChildElements><ElementName>joint</ElementName><required>false</required><Axis z:Ref="i113"/><AxisName>Axis1</AxisName><Calibration z:Ref="i120"/><Child z:Ref="i111"/><CoordinateSystemName>FT Sensor coordinate system</CoordinateSystemName><Dynamics z:Ref="i123"/><Limit z:Ref="i115"/><Mimic z:Ref="i131"/><NameAttribute z:Ref="i104"/><Origin z:Ref="i106"/><Parent z:Ref="i109"/><Safety z:Ref="i126"/><TypeAttribute z:Ref="i105"/></URDFElement></ChildElements><ElementName>link</ElementName><required>true</required><Children/><Collision z:Ref="i96"/><Inertial z:Ref="i70"/><Joint z:Ref="i103"/><NameAttribute z:Ref="i69"/><Parent z:Ref="i1"/><STLQualityFine>false</STLQualityFine><SWComponentPIDs xmlns:a="http://schemas.microsoft.com/2003/10/Serialization/Arrays"><a:base64Binary>gD4AAAUAAAD//v8ZQQBkAGEAcAB0AG8AcgBfAEMAbABhAG0AcABfADIALQAxAEAAYQBkAGEAcAB0AG8AcgAEAAAAEAAAAAEAAAABAAAAKgAAAA==</a:base64Binary><a:base64Binary>gD4AAAUAAAD//v8ZQQBkAGEAcAB0AG8AcgBfAEMAbABhAG0AcABfADEALQAxAEAAYQBkAGEAcAB0AG8AcgAEAAAAEAAAAAEAAAABAAAAJQAAAA==</a:base64Binary><a:base64Binary>gD4AAAUAAAD//v8ZQQBkAGEAcAB0AG8AcgBfAEMAbABhAG0AcABfADQALQAxAEAAYQBkAGEAcAB0AG8AcgAEAAAAEAAAAAEAAAABAAAAMQAAAA==</a:base64Binary><a:base64Binary>gD4AAAUAAAD//v8ZQQBkAGEAcAB0AG8AcgBfAEMAbABhAG0AcABfADMALQAxAEAAYQBkAGEAcAB0AG8AcgAEAAAAEAAAAAEAAAABAAAALQAAAA==</a:base64Binary></SWComponentPIDs><SWMainComponentPID i:nil="true"/><Visual z:Ref="i83"/><isFixedFrame>false</isFixedFrame><isIncomplete>false</isIncomplete></Link></Children><Collision z:Ref="i29"/><Inertial z:Ref="i3"/><Joint z:Ref="i36"/><NameAttribute z:Ref="i2"/><Parent i:nil="true"/><STLQualityFine>false</STLQualityFine><SWComponentPIDs xmlns:a="http://schemas.microsoft.com/2003/10/Serialization/Arrays"><a:base64Binary>gD4AAAUAAAD//v8jQQBkAGEAcAB0AG8AcgBfAEkAbgB0AGUAcgBmAGEAYwBlAF8AUABsAGEAdABlAF8AMgAtADEAQABhAGQAYQBwAHQAbwByAAQAAAAQAAAAAQAAAAEAAAAUAAAA</a:base64Binary><a:base64Binary>gD4AAAUAAAD//v8jQQBkAGEAcAB0AG8AcgBfAEkAbgB0AGUAcgBmAGEAYwBlAF8AUABsAGEAdABlAF8AMwAtADIAQABhAGQAYQBwAHQAbwByAAQAAAAQAAAAAQAAAAEAAACNAwAA</a:base64Binary><a:base64Binary>gD4AAAUAAAD//v8jQQBkAGEAcAB0AG8AcgBfAEkAbgB0AGUAcgBmAGEAYwBlAF8AUABsAGEAdABlAF8AMQAtADEAQABhAGQAYQBwAHQAbwByAAQAAAAQAAAAAQAAAAEAAAARAAAA</a:base64Binary><a:base64Binary>gD4AAAUAAAD//v8TRgBUAF8AcwBlAG4AcwBvAHIALQAxAEAAYQBkAGEAcAB0AG8AcgAEAAAAEAAAAAEAAAABAAAAGAAAAA==</a:base64Binary></SWComponentPIDs><SWMainComponentPID i:nil="true"/><Visual z:Ref="i16"/><isFixedFrame>false</isFixedFrame><isIncomplete>false</isIncomplete></Link>
2024-11-11 13:02:18,198 INFO  AssemblyExportForm.cs: 309 - Saving URDF package to C:\Users\Admin\Desktop\adaptor_description
2024-11-11 13:02:18,199 INFO  ExportHelper.cs: 147 - Beginning the export process
2024-11-11 13:02:18,200 INFO  ExportHelper.cs: 153 - Creating package directories with name adaptor_description and save path C:\Users\Admin\Desktop
2024-11-11 13:02:19,867 INFO  ExportHelper.cs: 162 - Creating CMakeLists.txt at C:\Users\Admin\Desktop\adaptor_description\CMakeLists.txt
2024-11-11 13:02:19,868 INFO  ExportHelper.cs: 166 - Creating joint names config at C:\Users\Admin\Desktop\adaptor_description\config\joint_names_adaptor_description.yaml
2024-11-11 13:02:19,868 INFO  ExportHelper.cs: 170 - Creating package.xml at C:\Users\Admin\Desktop\adaptor_description\package.xml
2024-11-11 13:02:19,869 INFO  PackageXMLWriter.cs: 21 - Creating package.xml at C:\Users\Admin\Desktop\adaptor_description\package.xml
2024-11-11 13:02:19,873 INFO  ExportHelper.cs: 177 - Creating RVIZ launch file in C:\Users\Admin\Desktop\adaptor_description\launch\
2024-11-11 13:02:19,874 INFO  ExportHelper.cs: 182 - Creating Gazebo launch file in C:\Users\Admin\Desktop\adaptor_description\launch\
2024-11-11 13:02:19,875 INFO  ExportHelper.cs: 187 - Saving existing STL preferences
2024-11-11 13:02:19,875 INFO  ExportHelper.cs: 450 - Saving users preferences
2024-11-11 13:02:19,875 INFO  ExportHelper.cs: 190 - Modifying STL preferences
2024-11-11 13:02:19,876 INFO  ExportHelper.cs: 464 - Setting STL preferences
2024-11-11 13:02:19,878 INFO  ExportHelper.cs: 196 - Found 0 hidden components 
2024-11-11 13:02:19,879 INFO  ExportHelper.cs: 197 - Hiding all components
2024-11-11 13:02:19,918 INFO  ExportHelper.cs: 204 - Beginning individual files export
2024-11-11 13:02:19,919 INFO  ExportHelper.cs: 270 - Exporting link: adaptor_base_link
2024-11-11 13:02:19,920 INFO  ExportHelper.cs: 272 - Link adaptor_base_link has 1 children
2024-11-11 13:02:19,920 INFO  ExportHelper.cs: 270 - Exporting link: sensor_link
2024-11-11 13:02:19,920 INFO  ExportHelper.cs: 272 - Link sensor_link has 0 children
2024-11-11 13:02:19,921 INFO  ExportHelper.cs: 317 - sensor_link: Exporting STL with coordinate frame FT Sensor coordinate system
2024-11-11 13:02:19,921 INFO  ExportHelper.cs: 322 - sensor_link: Reference geometry name 
2024-11-11 13:02:19,952 INFO  ExportHelper.cs: 330 - Saving STL to C:\Users\Admin\Desktop\adaptor_description\meshes\sensor_link.STL
2024-11-11 13:02:20,258 INFO  ExportHelper.cs: 405 - Removing SW header in STL file
2024-11-11 13:02:20,259 INFO  ExportHelper.cs: 317 - adaptor_base_link: Exporting STL with coordinate frame Adaptor Base coordinate system
2024-11-11 13:02:20,259 INFO  ExportHelper.cs: 322 - adaptor_base_link: Reference geometry name 
2024-11-11 13:02:20,272 INFO  ExportHelper.cs: 330 - Saving STL to C:\Users\Admin\Desktop\adaptor_description\meshes\adaptor_base_link.STL
2024-11-11 13:02:20,408 INFO  ExportHelper.cs: 405 - Removing SW header in STL file
2024-11-11 13:02:20,409 INFO  ExportHelper.cs: 145 - Showing all components except previously hidden components
2024-11-11 13:02:20,431 INFO  ExportHelper.cs: 145 - Resetting STL preferences
2024-11-11 13:02:20,432 INFO  ExportHelper.cs: 478 - Returning STL preferences to user preferences
2024-11-11 13:02:20,432 INFO  ExportHelper.cs: 228 - Writing URDF file to C:\Users\Admin\Desktop\adaptor_description\urdf\adaptor_description.urdf
2024-11-11 13:02:20,488 INFO  CSVImportExport.cs: 32 - Writing CSV file C:\Users\Admin\Desktop\adaptor_description\urdf\adaptor_description.csv
2024-11-11 13:02:20,502 ERROR CSVImportExport.cs: 130 - The following columns were not written to the CSV: Link.Joint.ChildLink.link,
2024-11-11 13:02:20,502 ERROR CSVImportExport.cs: 130 - The following columns were not written to the CSV: Link.Joint.ChildLink.link,
2024-11-11 13:02:20,502 INFO  ExportHelper.cs: 234 - Copying log file
2024-11-11 13:02:20,504 INFO  ExportHelper.cs: 439 - Copying C:\Users\Admin\sw2urdf_logs\sw2urdf.log to C:\Users\Admin\Desktop\adaptor_description\export.log
